<?xml version="1.0" encoding="UTF-8"?>
<!-- Generated by org.testng.reporters.JUnitXMLReporter -->
<testsuite ignored="0" hostname="SAM" failures="0" tests="3" name="Verfity Sign-up Page" time="42.971" errors="0" timestamp="2025-06-05T17:43:43 IST">
  <testcase classname="com.parabank.test.SignUpTest" name="testUserSignUp" time="4.209"/>
  <testcase classname="com.parabank.test.LoginTest" name="testLogin" time="9.079"/>
  <testcase classname="com.parabank.test.AccountDetailsTest" name="testAccountDetailsVerification" time="6.736"/>
</testsuite> <!-- Verfity Sign-up Page -->
